<?xml version="1.0" encoding="UTF-8"?>
<testng-results ignored="0" total="1" passed="1" failed="0" skipped="0">
  <reporter-output>
  </reporter-output>
  <suite started-at="2025-03-22T13:25:52 BDT" name="Default suite" finished-at="2025-03-22T13:25:57 BDT" duration-ms="4393">
    <groups>
    </groups>
    <test started-at="2025-03-22T13:25:52 BDT" name="Default test" finished-at="2025-03-22T13:25:57 BDT" duration-ms="4393">
      <class name="com.mehedi.SelectText.selectText">
        <test-method is-config="true" signature="stratBrowser()[pri:0, instance:com.mehedi.SelectText.selectText@3bd82cf5]" started-at="2025-03-22T13:25:38 BDT" name="stratBrowser" finished-at="2025-03-22T13:25:41 BDT" duration-ms="2512" status="PASS">
          <reporter-output>
          </reporter-output>
        </test-method> <!-- stratBrowser -->
        <test-method is-config="true" signature="openUrl()[pri:0, instance:com.mehedi.SelectText.selectText@3bd82cf5]" started-at="2025-03-22T13:25:41 BDT" name="openUrl" finished-at="2025-03-22T13:25:52 BDT" depends-on-methods="com.webautomation.bd.BaseDriver.stratBrowser" duration-ms="11265" status="PASS">
          <reporter-output>
          </reporter-output>
        </test-method> <!-- openUrl -->
        <test-method signature="select_Text()[pri:0, instance:com.mehedi.SelectText.selectText@3bd82cf5]" started-at="2025-03-22T13:25:52 BDT" name="select_Text" finished-at="2025-03-22T13:25:57 BDT" duration-ms="4351" status="PASS">
          <reporter-output>
          </reporter-output>
        </test-method> <!-- select_Text -->
        <test-method is-config="true" signature="closeBrowse()[pri:0, instance:com.mehedi.SelectText.selectText@3bd82cf5]" started-at="2025-03-22T13:25:57 BDT" name="closeBrowse" finished-at="2025-03-22T13:25:57 BDT" duration-ms="280" status="PASS">
          <reporter-output>
          </reporter-output>
        </test-method> <!-- closeBrowse -->
      </class> <!-- com.mehedi.SelectText.selectText -->
    </test> <!-- Default test -->
  </suite> <!-- Default suite -->
</testng-results>
